<?xml version="1.0" encoding="UTF-8"?>
<!-- Generated by org.testng.reporters.JUnitReportReporter -->
<testsuite hostname="TMZ-DPC-2289" failures="0" tests="1" name="com.register.RunnerClass" time="20.299" errors="0" timestamp="2023-11-07T14:30:55 IST" skipped="0">
  <testcase classname="com.register.RunnerClass" name="runScenario" time="20.299"/>
</testsuite> <!-- com.register.RunnerClass -->
